c:\users\student\documents\macuha\gdeng03\directx_macuha\gdeng03_directx_hos\directxprojectsetup\debug\vc143.pdb
c:\users\student\documents\macuha\gdeng03\directx_macuha\gdeng03_directx_hos\directxprojectsetup\debug\vc143.idb
c:\users\student\documents\macuha\gdeng03\directx_macuha\gdeng03_directx_hos\directxprojectsetup\debug\matrix4x4.obj
c:\users\student\documents\macuha\gdeng03\directx_macuha\gdeng03_directx_hos\directxprojectsetup\debug\mathutils.obj
c:\users\student\documents\macuha\gdeng03\directx_macuha\gdeng03_directx_hos\directxprojectsetup\debug\main.obj
c:\users\student\documents\macuha\gdeng03\directx_macuha\gdeng03_directx_hos\directxprojectsetup\debug\inputsystem.obj
c:\users\student\documents\macuha\gdeng03\directx_macuha\gdeng03_directx_hos\directxprojectsetup\debug\inputlistener.obj
c:\users\student\documents\macuha\gdeng03\directx_macuha\gdeng03_directx_hos\directxprojectsetup\debug\indexbuffer.obj
c:\users\student\documents\macuha\gdeng03\directx_macuha\gdeng03_directx_hos\directxprojectsetup\debug\graphicsengine.obj
c:\users\student\documents\macuha\gdeng03\directx_macuha\gdeng03_directx_hos\directxprojectsetup\debug\gameobject.obj
c:\users\student\documents\macuha\gdeng03\directx_macuha\gdeng03_directx_hos\directxprojectsetup\debug\enginetime.obj
c:\users\student\documents\macuha\gdeng03\directx_macuha\gdeng03_directx_hos\directxprojectsetup\debug\devicecontext.obj
c:\users\student\documents\macuha\gdeng03\directx_macuha\gdeng03_directx_hos\directxprojectsetup\debug\cube.obj
c:\users\student\documents\macuha\gdeng03\directx_macuha\gdeng03_directx_hos\directxprojectsetup\debug\constantbuffer.obj
c:\users\student\documents\macuha\gdeng03\directx_macuha\gdeng03_directx_hos\directxprojectsetup\debug\appwindow.obj
c:\users\student\documents\macuha\gdeng03\directx_macuha\gdeng03_directx_hos\directxprojectsetup\debug\imgui_widgets.obj
c:\users\student\documents\macuha\gdeng03\directx_macuha\gdeng03_directx_hos\directxprojectsetup\debug\imgui_tables.obj
c:\users\student\documents\macuha\gdeng03\directx_macuha\gdeng03_directx_hos\directxprojectsetup\debug\imgui_draw.obj
c:\users\student\documents\macuha\gdeng03\directx_macuha\gdeng03_directx_hos\directxprojectsetup\debug\imgui_demo.obj
c:\users\student\documents\macuha\gdeng03\directx_macuha\gdeng03_directx_hos\directxprojectsetup\debug\imgui.obj
c:\users\student\documents\macuha\gdeng03\directx_macuha\gdeng03_directx_hos\directxprojectsetup\debug\imgui_impl_win32.obj
c:\users\student\documents\macuha\gdeng03\directx_macuha\gdeng03_directx_hos\directxprojectsetup\debug\imgui_impl_dx11.obj
c:\users\student\documents\macuha\gdeng03\directx_macuha\gdeng03_directx_hos\directxprojectsetup\debug\window.obj
c:\users\student\documents\macuha\gdeng03\directx_macuha\gdeng03_directx_hos\directxprojectsetup\debug\vertexshader.obj
c:\users\student\documents\macuha\gdeng03\directx_macuha\gdeng03_directx_hos\directxprojectsetup\debug\vertexbuffer.obj
c:\users\student\documents\macuha\gdeng03\directx_macuha\gdeng03_directx_hos\directxprojectsetup\debug\vertex.obj
c:\users\student\documents\macuha\gdeng03\directx_macuha\gdeng03_directx_hos\directxprojectsetup\debug\vector4d.obj
c:\users\student\documents\macuha\gdeng03\directx_macuha\gdeng03_directx_hos\directxprojectsetup\debug\vector3d.obj
c:\users\student\documents\macuha\gdeng03\directx_macuha\gdeng03_directx_hos\directxprojectsetup\debug\vec3.obj
c:\users\student\documents\macuha\gdeng03\directx_macuha\gdeng03_directx_hos\directxprojectsetup\debug\swapchain.obj
c:\users\student\documents\macuha\gdeng03\directx_macuha\gdeng03_directx_hos\directxprojectsetup\debug\quad.obj
c:\users\student\documents\macuha\gdeng03\directx_macuha\gdeng03_directx_hos\directxprojectsetup\debug\point.obj
c:\users\student\documents\macuha\gdeng03\directx_macuha\gdeng03_directx_hos\directxprojectsetup\debug\pixelshader.obj
c:\users\student\documents\macuha\gdeng03\directx_macuha\gdeng03_directx_hos\directxprojectsetup\debug\uimanager.obj
c:\users\student\documents\macuha\gdeng03\directx_macuha\gdeng03_directx_hos\directxprojectsetup\debug\auiscreen.obj
c:\users\student\documents\macuha\gdeng03\directx_macuha\gdeng03_directx_hos\directxprojectsetup\debug\directxprojectsetup.ilk
c:\users\student\documents\macuha\gdeng03\directx_macuha\gdeng03_directx_hos\debug\directxprojectsetup.exe
c:\users\student\documents\macuha\gdeng03\directx_macuha\gdeng03_directx_hos\debug\directxprojectsetup.pdb
c:\users\student\documents\macuha\gdeng03\directx_macuha\gdeng03_directx_hos\directxprojectsetup\debug\directxp.986349d3.tlog\cl.command.1.tlog
c:\users\student\documents\macuha\gdeng03\directx_macuha\gdeng03_directx_hos\directxprojectsetup\debug\directxp.986349d3.tlog\cl.items.tlog
c:\users\student\documents\macuha\gdeng03\directx_macuha\gdeng03_directx_hos\directxprojectsetup\debug\directxp.986349d3.tlog\cl.read.1.tlog
c:\users\student\documents\macuha\gdeng03\directx_macuha\gdeng03_directx_hos\directxprojectsetup\debug\directxp.986349d3.tlog\cl.write.1.tlog
c:\users\student\documents\macuha\gdeng03\directx_macuha\gdeng03_directx_hos\directxprojectsetup\debug\directxp.986349d3.tlog\link-cvtres.read.1.tlog
c:\users\student\documents\macuha\gdeng03\directx_macuha\gdeng03_directx_hos\directxprojectsetup\debug\directxp.986349d3.tlog\link-cvtres.write.1.tlog
c:\users\student\documents\macuha\gdeng03\directx_macuha\gdeng03_directx_hos\directxprojectsetup\debug\directxp.986349d3.tlog\link-rc.read.1.tlog
c:\users\student\documents\macuha\gdeng03\directx_macuha\gdeng03_directx_hos\directxprojectsetup\debug\directxp.986349d3.tlog\link-rc.write.1.tlog
c:\users\student\documents\macuha\gdeng03\directx_macuha\gdeng03_directx_hos\directxprojectsetup\debug\directxp.986349d3.tlog\link.4852-cvtres.read.1.tlog
c:\users\student\documents\macuha\gdeng03\directx_macuha\gdeng03_directx_hos\directxprojectsetup\debug\directxp.986349d3.tlog\link.4852-cvtres.write.1.tlog
c:\users\student\documents\macuha\gdeng03\directx_macuha\gdeng03_directx_hos\directxprojectsetup\debug\directxp.986349d3.tlog\link.4852-rc.read.1.tlog
c:\users\student\documents\macuha\gdeng03\directx_macuha\gdeng03_directx_hos\directxprojectsetup\debug\directxp.986349d3.tlog\link.4852-rc.write.1.tlog
c:\users\student\documents\macuha\gdeng03\directx_macuha\gdeng03_directx_hos\directxprojectsetup\debug\directxp.986349d3.tlog\link.4852.read.1.tlog
c:\users\student\documents\macuha\gdeng03\directx_macuha\gdeng03_directx_hos\directxprojectsetup\debug\directxp.986349d3.tlog\link.4852.write.1.tlog
c:\users\student\documents\macuha\gdeng03\directx_macuha\gdeng03_directx_hos\directxprojectsetup\debug\directxp.986349d3.tlog\link.command.1.tlog
c:\users\student\documents\macuha\gdeng03\directx_macuha\gdeng03_directx_hos\directxprojectsetup\debug\directxp.986349d3.tlog\link.read.1.tlog
c:\users\student\documents\macuha\gdeng03\directx_macuha\gdeng03_directx_hos\directxprojectsetup\debug\directxp.986349d3.tlog\link.write.1.tlog
